2025-03-19 09:40:43 [restartedMain] INFO  c.a.ProjetPizzeriaApplication - Starting ProjetPizzeriaApplication using Java 23.0.2 with PID 29376 (C:\Users\tatiana.m.tessier\IdeaProjects\Pizzeria2\target\classes started by tatiana.m.tessier in C:\Users\tatiana.m.tessier\IdeaProjects\Pizzeria2)
2025-03-19 09:40:43 [restartedMain] DEBUG c.a.ProjetPizzeriaApplication - Running with Spring Boot v3.4.3, Spring v6.2.3
2025-03-19 09:40:43 [restartedMain] INFO  c.a.ProjetPizzeriaApplication - No active profile set, falling back to 1 default profile: "default"
2025-03-19 09:40:54 [restartedMain] INFO  c.a.ProjetPizzeriaApplication - Started ProjetPizzeriaApplication in 12.395 seconds (process running for 25.245)
2025-03-19 09:41:15 [restartedMain] INFO  c.a.ProjetPizzeriaApplication - Starting ProjetPizzeriaApplication using Java 23.0.2 with PID 34204 (C:\Users\tatiana.m.tessier\IdeaProjects\Pizzeria2\target\classes started by tatiana.m.tessier in C:\Users\tatiana.m.tessier\IdeaProjects\Pizzeria2)
2025-03-19 09:41:15 [restartedMain] DEBUG c.a.ProjetPizzeriaApplication - Running with Spring Boot v3.4.3, Spring v6.2.3
2025-03-19 09:41:15 [restartedMain] INFO  c.a.ProjetPizzeriaApplication - No active profile set, falling back to 1 default profile: "default"
2025-03-19 09:41:24 [restartedMain] INFO  c.a.ProjetPizzeriaApplication - Started ProjetPizzeriaApplication in 9.422 seconds (process running for 10.455)
2025-03-19 10:24:48 [restartedMain] INFO  c.a.ProjetPizzeriaApplication - Starting ProjetPizzeriaApplication using Java 23.0.2 with PID 34204 (C:\Users\tatiana.m.tessier\IdeaProjects\Pizzeria2\target\classes started by tatiana.m.tessier in C:\Users\tatiana.m.tessier\IdeaProjects\Pizzeria2)
2025-03-19 10:24:48 [restartedMain] DEBUG c.a.ProjetPizzeriaApplication - Running with Spring Boot v3.4.3, Spring v6.2.3
2025-03-19 10:24:48 [restartedMain] INFO  c.a.ProjetPizzeriaApplication - No active profile set, falling back to 1 default profile: "default"
2025-03-19 10:25:04 [restartedMain] INFO  c.a.ProjetPizzeriaApplication - Starting ProjetPizzeriaApplication using Java 23.0.2 with PID 34204 (C:\Users\tatiana.m.tessier\IdeaProjects\Pizzeria2\target\classes started by tatiana.m.tessier in C:\Users\tatiana.m.tessier\IdeaProjects\Pizzeria2)
2025-03-19 10:25:04 [restartedMain] DEBUG c.a.ProjetPizzeriaApplication - Running with Spring Boot v3.4.3, Spring v6.2.3
2025-03-19 10:25:04 [restartedMain] INFO  c.a.ProjetPizzeriaApplication - No active profile set, falling back to 1 default profile: "default"
2025-03-19 10:28:27 [restartedMain] INFO  c.a.ProjetPizzeriaApplication - Starting ProjetPizzeriaApplication using Java 23.0.2 with PID 34204 (C:\Users\tatiana.m.tessier\IdeaProjects\Pizzeria2\target\classes started by tatiana.m.tessier in C:\Users\tatiana.m.tessier\IdeaProjects\Pizzeria2)
2025-03-19 10:28:27 [restartedMain] DEBUG c.a.ProjetPizzeriaApplication - Running with Spring Boot v3.4.3, Spring v6.2.3
2025-03-19 10:28:27 [restartedMain] INFO  c.a.ProjetPizzeriaApplication - No active profile set, falling back to 1 default profile: "default"
2025-03-19 10:35:25 [restartedMain] INFO  c.a.ProjetPizzeriaApplication - Starting ProjetPizzeriaApplication using Java 23.0.2 with PID 34204 (C:\Users\tatiana.m.tessier\IdeaProjects\Pizzeria2\target\classes started by tatiana.m.tessier in C:\Users\tatiana.m.tessier\IdeaProjects\Pizzeria2)
2025-03-19 10:35:25 [restartedMain] DEBUG c.a.ProjetPizzeriaApplication - Running with Spring Boot v3.4.3, Spring v6.2.3
2025-03-19 10:35:25 [restartedMain] INFO  c.a.ProjetPizzeriaApplication - No active profile set, falling back to 1 default profile: "default"
2025-03-19 10:35:42 [restartedMain] INFO  c.a.ProjetPizzeriaApplication - Starting ProjetPizzeriaApplication using Java 23.0.2 with PID 34204 (C:\Users\tatiana.m.tessier\IdeaProjects\Pizzeria2\target\classes started by tatiana.m.tessier in C:\Users\tatiana.m.tessier\IdeaProjects\Pizzeria2)
2025-03-19 10:35:42 [restartedMain] DEBUG c.a.ProjetPizzeriaApplication - Running with Spring Boot v3.4.3, Spring v6.2.3
2025-03-19 10:35:42 [restartedMain] INFO  c.a.ProjetPizzeriaApplication - No active profile set, falling back to 1 default profile: "default"
2025-03-19 10:36:43 [restartedMain] INFO  c.a.ProjetPizzeriaApplication - Starting ProjetPizzeriaApplication using Java 23.0.2 with PID 34204 (C:\Users\tatiana.m.tessier\IdeaProjects\Pizzeria2\target\classes started by tatiana.m.tessier in C:\Users\tatiana.m.tessier\IdeaProjects\Pizzeria2)
2025-03-19 10:36:43 [restartedMain] DEBUG c.a.ProjetPizzeriaApplication - Running with Spring Boot v3.4.3, Spring v6.2.3
2025-03-19 10:36:43 [restartedMain] INFO  c.a.ProjetPizzeriaApplication - No active profile set, falling back to 1 default profile: "default"
2025-03-19 10:36:51 [restartedMain] INFO  c.a.ProjetPizzeriaApplication - Starting ProjetPizzeriaApplication using Java 23.0.2 with PID 34204 (C:\Users\tatiana.m.tessier\IdeaProjects\Pizzeria2\target\classes started by tatiana.m.tessier in C:\Users\tatiana.m.tessier\IdeaProjects\Pizzeria2)
2025-03-19 10:36:51 [restartedMain] DEBUG c.a.ProjetPizzeriaApplication - Running with Spring Boot v3.4.3, Spring v6.2.3
2025-03-19 10:36:51 [restartedMain] INFO  c.a.ProjetPizzeriaApplication - No active profile set, falling back to 1 default profile: "default"
2025-03-19 10:36:53 [restartedMain] INFO  c.a.ProjetPizzeriaApplication - Started ProjetPizzeriaApplication in 2.422 seconds (process running for 3340.099)
2025-03-19 12:01:22 [restartedMain] INFO  c.a.ProjetPizzeriaApplication - Starting ProjetPizzeriaApplication using Java 23.0.2 with PID 34204 (C:\Users\tatiana.m.tessier\IdeaProjects\Pizzeria2\target\classes started by tatiana.m.tessier in C:\Users\tatiana.m.tessier\IdeaProjects\Pizzeria2)
2025-03-19 12:01:22 [restartedMain] DEBUG c.a.ProjetPizzeriaApplication - Running with Spring Boot v3.4.3, Spring v6.2.3
2025-03-19 12:01:22 [restartedMain] INFO  c.a.ProjetPizzeriaApplication - No active profile set, falling back to 1 default profile: "default"
2025-03-19 12:01:30 [restartedMain] INFO  c.a.ProjetPizzeriaApplication - Starting ProjetPizzeriaApplication using Java 23.0.2 with PID 34204 (C:\Users\tatiana.m.tessier\IdeaProjects\Pizzeria2\target\classes started by tatiana.m.tessier in C:\Users\tatiana.m.tessier\IdeaProjects\Pizzeria2)
2025-03-19 12:01:30 [restartedMain] DEBUG c.a.ProjetPizzeriaApplication - Running with Spring Boot v3.4.3, Spring v6.2.3
2025-03-19 12:01:30 [restartedMain] INFO  c.a.ProjetPizzeriaApplication - No active profile set, falling back to 1 default profile: "default"
2025-03-19 12:01:36 [restartedMain] INFO  c.a.ProjetPizzeriaApplication - Starting ProjetPizzeriaApplication using Java 23.0.2 with PID 34204 (C:\Users\tatiana.m.tessier\IdeaProjects\Pizzeria2\target\classes started by tatiana.m.tessier in C:\Users\tatiana.m.tessier\IdeaProjects\Pizzeria2)
2025-03-19 12:01:36 [restartedMain] DEBUG c.a.ProjetPizzeriaApplication - Running with Spring Boot v3.4.3, Spring v6.2.3
2025-03-19 12:01:36 [restartedMain] INFO  c.a.ProjetPizzeriaApplication - No active profile set, falling back to 1 default profile: "default"
2025-03-19 12:01:40 [restartedMain] INFO  c.a.ProjetPizzeriaApplication - Started ProjetPizzeriaApplication in 4.802 seconds (process running for 8426.881)
2025-03-19 12:18:41 [restartedMain] INFO  c.a.ProjetPizzeriaApplication - Starting ProjetPizzeriaApplication using Java 23.0.2 with PID 34204 (C:\Users\tatiana.m.tessier\IdeaProjects\Pizzeria2\target\classes started by tatiana.m.tessier in C:\Users\tatiana.m.tessier\IdeaProjects\Pizzeria2)
2025-03-19 12:18:41 [restartedMain] DEBUG c.a.ProjetPizzeriaApplication - Running with Spring Boot v3.4.3, Spring v6.2.3
2025-03-19 12:18:41 [restartedMain] INFO  c.a.ProjetPizzeriaApplication - No active profile set, falling back to 1 default profile: "default"
2025-03-19 12:18:55 [restartedMain] INFO  c.a.ProjetPizzeriaApplication - Starting ProjetPizzeriaApplication using Java 23.0.2 with PID 34204 (C:\Users\tatiana.m.tessier\IdeaProjects\Pizzeria2\target\classes started by tatiana.m.tessier in C:\Users\tatiana.m.tessier\IdeaProjects\Pizzeria2)
2025-03-19 12:18:55 [restartedMain] DEBUG c.a.ProjetPizzeriaApplication - Running with Spring Boot v3.4.3, Spring v6.2.3
2025-03-19 12:18:55 [restartedMain] INFO  c.a.ProjetPizzeriaApplication - No active profile set, falling back to 1 default profile: "default"
2025-03-19 12:18:59 [restartedMain] INFO  c.a.ProjetPizzeriaApplication - Starting ProjetPizzeriaApplication using Java 23.0.2 with PID 34204 (C:\Users\tatiana.m.tessier\IdeaProjects\Pizzeria2\target\classes started by tatiana.m.tessier in C:\Users\tatiana.m.tessier\IdeaProjects\Pizzeria2)
2025-03-19 12:18:59 [restartedMain] DEBUG c.a.ProjetPizzeriaApplication - Running with Spring Boot v3.4.3, Spring v6.2.3
2025-03-19 12:18:59 [restartedMain] INFO  c.a.ProjetPizzeriaApplication - No active profile set, falling back to 1 default profile: "default"
2025-03-19 12:19:23 [restartedMain] INFO  c.a.ProjetPizzeriaApplication - Starting ProjetPizzeriaApplication using Java 23.0.2 with PID 34204 (C:\Users\tatiana.m.tessier\IdeaProjects\Pizzeria2\target\classes started by tatiana.m.tessier in C:\Users\tatiana.m.tessier\IdeaProjects\Pizzeria2)
2025-03-19 12:19:23 [restartedMain] DEBUG c.a.ProjetPizzeriaApplication - Running with Spring Boot v3.4.3, Spring v6.2.3
2025-03-19 12:19:23 [restartedMain] INFO  c.a.ProjetPizzeriaApplication - No active profile set, falling back to 1 default profile: "default"
2025-03-19 12:19:29 [restartedMain] INFO  c.a.ProjetPizzeriaApplication - Starting ProjetPizzeriaApplication using Java 23.0.2 with PID 34204 (C:\Users\tatiana.m.tessier\IdeaProjects\Pizzeria2\target\classes started by tatiana.m.tessier in C:\Users\tatiana.m.tessier\IdeaProjects\Pizzeria2)
2025-03-19 12:19:29 [restartedMain] DEBUG c.a.ProjetPizzeriaApplication - Running with Spring Boot v3.4.3, Spring v6.2.3
2025-03-19 12:19:29 [restartedMain] INFO  c.a.ProjetPizzeriaApplication - No active profile set, falling back to 1 default profile: "default"
2025-03-19 12:19:32 [restartedMain] INFO  c.a.ProjetPizzeriaApplication - Started ProjetPizzeriaApplication in 2.534 seconds (process running for 9498.366)
2025-03-19 12:37:54 [restartedMain] INFO  c.a.ProjetPizzeriaApplication - Starting ProjetPizzeriaApplication using Java 23.0.2 with PID 34204 (C:\Users\tatiana.m.tessier\IdeaProjects\Pizzeria2\target\classes started by tatiana.m.tessier in C:\Users\tatiana.m.tessier\IdeaProjects\Pizzeria2)
2025-03-19 12:37:54 [restartedMain] DEBUG c.a.ProjetPizzeriaApplication - Running with Spring Boot v3.4.3, Spring v6.2.3
2025-03-19 12:37:54 [restartedMain] INFO  c.a.ProjetPizzeriaApplication - No active profile set, falling back to 1 default profile: "default"
2025-03-19 14:07:58 [restartedMain] INFO  c.a.ProjetPizzeriaApplication - Starting ProjetPizzeriaApplication using Java 23.0.2 with PID 34204 (C:\Users\tatiana.m.tessier\IdeaProjects\Pizzeria2\target\classes started by tatiana.m.tessier in C:\Users\tatiana.m.tessier\IdeaProjects\Pizzeria2)
2025-03-19 14:07:58 [restartedMain] DEBUG c.a.ProjetPizzeriaApplication - Running with Spring Boot v3.4.3, Spring v6.2.3
2025-03-19 14:07:58 [restartedMain] INFO  c.a.ProjetPizzeriaApplication - No active profile set, falling back to 1 default profile: "default"
2025-03-19 14:08:03 [restartedMain] INFO  c.a.ProjetPizzeriaApplication - Starting ProjetPizzeriaApplication using Java 23.0.2 with PID 34204 (C:\Users\tatiana.m.tessier\IdeaProjects\Pizzeria2\target\classes started by tatiana.m.tessier in C:\Users\tatiana.m.tessier\IdeaProjects\Pizzeria2)
2025-03-19 14:08:03 [restartedMain] DEBUG c.a.ProjetPizzeriaApplication - Running with Spring Boot v3.4.3, Spring v6.2.3
2025-03-19 14:08:03 [restartedMain] INFO  c.a.ProjetPizzeriaApplication - No active profile set, falling back to 1 default profile: "default"
2025-03-19 14:54:25 [restartedMain] INFO  c.a.ProjetPizzeriaApplication - Starting ProjetPizzeriaApplication using Java 23.0.2 with PID 34204 (C:\Users\tatiana.m.tessier\IdeaProjects\Pizzeria2\target\classes started by tatiana.m.tessier in C:\Users\tatiana.m.tessier\IdeaProjects\Pizzeria2)
2025-03-19 14:54:25 [restartedMain] DEBUG c.a.ProjetPizzeriaApplication - Running with Spring Boot v3.4.3, Spring v6.2.3
2025-03-19 14:54:25 [restartedMain] INFO  c.a.ProjetPizzeriaApplication - No active profile set, falling back to 1 default profile: "default"
2025-03-19 14:54:38 [restartedMain] INFO  c.a.ProjetPizzeriaApplication - Starting ProjetPizzeriaApplication using Java 23.0.2 with PID 34204 (C:\Users\tatiana.m.tessier\IdeaProjects\Pizzeria2\target\classes started by tatiana.m.tessier in C:\Users\tatiana.m.tessier\IdeaProjects\Pizzeria2)
2025-03-19 14:54:38 [restartedMain] DEBUG c.a.ProjetPizzeriaApplication - Running with Spring Boot v3.4.3, Spring v6.2.3
2025-03-19 14:54:38 [restartedMain] INFO  c.a.ProjetPizzeriaApplication - No active profile set, falling back to 1 default profile: "default"
2025-03-19 15:29:53 [restartedMain] INFO  c.a.ProjetPizzeriaApplication - Starting ProjetPizzeriaApplication using Java 23.0.2 with PID 34204 (C:\Users\tatiana.m.tessier\IdeaProjects\Pizzeria2\target\classes started by tatiana.m.tessier in C:\Users\tatiana.m.tessier\IdeaProjects\Pizzeria2)
2025-03-19 15:29:53 [restartedMain] DEBUG c.a.ProjetPizzeriaApplication - Running with Spring Boot v3.4.3, Spring v6.2.3
2025-03-19 15:29:53 [restartedMain] INFO  c.a.ProjetPizzeriaApplication - No active profile set, falling back to 1 default profile: "default"
2025-03-19 15:30:05 [restartedMain] INFO  c.a.ProjetPizzeriaApplication - Starting ProjetPizzeriaApplication using Java 23.0.2 with PID 34204 (C:\Users\tatiana.m.tessier\IdeaProjects\Pizzeria2\target\classes started by tatiana.m.tessier in C:\Users\tatiana.m.tessier\IdeaProjects\Pizzeria2)
2025-03-19 15:30:05 [restartedMain] DEBUG c.a.ProjetPizzeriaApplication - Running with Spring Boot v3.4.3, Spring v6.2.3
2025-03-19 15:30:05 [restartedMain] INFO  c.a.ProjetPizzeriaApplication - No active profile set, falling back to 1 default profile: "default"
2025-03-19 16:25:17 [restartedMain] INFO  c.a.ProjetPizzeriaApplication - Starting ProjetPizzeriaApplication using Java 23.0.2 with PID 7196 (C:\Users\tatiana.m.tessier\IdeaProjects\Pizzeria2\target\classes started by tatiana.m.tessier in C:\Users\tatiana.m.tessier\IdeaProjects\Pizzeria2)
2025-03-19 16:25:17 [restartedMain] DEBUG c.a.ProjetPizzeriaApplication - Running with Spring Boot v3.4.3, Spring v6.2.3
2025-03-19 16:25:17 [restartedMain] INFO  c.a.ProjetPizzeriaApplication - No active profile set, falling back to 1 default profile: "default"
2025-03-19 16:27:00 [restartedMain] INFO  c.a.ProjetPizzeriaApplication - Starting ProjetPizzeriaApplication using Java 23.0.2 with PID 37500 (C:\Users\tatiana.m.tessier\IdeaProjects\Pizzeria2\target\classes started by tatiana.m.tessier in C:\Users\tatiana.m.tessier\IdeaProjects\Pizzeria2)
2025-03-19 16:27:00 [restartedMain] DEBUG c.a.ProjetPizzeriaApplication - Running with Spring Boot v3.4.3, Spring v6.2.3
2025-03-19 16:27:00 [restartedMain] INFO  c.a.ProjetPizzeriaApplication - No active profile set, falling back to 1 default profile: "default"
2025-03-19 16:28:11 [restartedMain] INFO  c.a.ProjetPizzeriaApplication - Starting ProjetPizzeriaApplication using Java 23.0.2 with PID 15176 (C:\Users\tatiana.m.tessier\IdeaProjects\Pizzeria2\target\classes started by tatiana.m.tessier in C:\Users\tatiana.m.tessier\IdeaProjects\Pizzeria2)
2025-03-19 16:28:11 [restartedMain] DEBUG c.a.ProjetPizzeriaApplication - Running with Spring Boot v3.4.3, Spring v6.2.3
2025-03-19 16:28:11 [restartedMain] INFO  c.a.ProjetPizzeriaApplication - No active profile set, falling back to 1 default profile: "default"
2025-03-19 16:29:36 [restartedMain] INFO  c.a.ProjetPizzeriaApplication - Starting ProjetPizzeriaApplication using Java 23.0.2 with PID 17384 (C:\Users\tatiana.m.tessier\IdeaProjects\Pizzeria2\target\classes started by tatiana.m.tessier in C:\Users\tatiana.m.tessier\IdeaProjects\Pizzeria2)
2025-03-19 16:29:36 [restartedMain] DEBUG c.a.ProjetPizzeriaApplication - Running with Spring Boot v3.4.3, Spring v6.2.3
2025-03-19 16:29:36 [restartedMain] INFO  c.a.ProjetPizzeriaApplication - No active profile set, falling back to 1 default profile: "default"
2025-03-19 16:32:42 [restartedMain] INFO  c.a.ProjetPizzeriaApplication - Starting ProjetPizzeriaApplication using Java 23.0.2 with PID 41260 (C:\Users\tatiana.m.tessier\IdeaProjects\Pizzeria2\target\classes started by tatiana.m.tessier in C:\Users\tatiana.m.tessier\IdeaProjects\Pizzeria2)
2025-03-19 16:32:42 [restartedMain] DEBUG c.a.ProjetPizzeriaApplication - Running with Spring Boot v3.4.3, Spring v6.2.3
2025-03-19 16:32:42 [restartedMain] INFO  c.a.ProjetPizzeriaApplication - No active profile set, falling back to 1 default profile: "default"
2025-03-19 16:33:14 [restartedMain] INFO  c.a.ProjetPizzeriaApplication - Starting ProjetPizzeriaApplication using Java 23.0.2 with PID 23324 (C:\Users\tatiana.m.tessier\IdeaProjects\Pizzeria2\target\classes started by tatiana.m.tessier in C:\Users\tatiana.m.tessier\IdeaProjects\Pizzeria2)
2025-03-19 16:33:14 [restartedMain] DEBUG c.a.ProjetPizzeriaApplication - Running with Spring Boot v3.4.3, Spring v6.2.3
2025-03-19 16:33:14 [restartedMain] INFO  c.a.ProjetPizzeriaApplication - No active profile set, falling back to 1 default profile: "default"
2025-03-19 16:33:28 [restartedMain] INFO  c.a.ProjetPizzeriaApplication - Started ProjetPizzeriaApplication in 14.6 seconds (process running for 16.581)
2025-03-19 16:35:47 [restartedMain] INFO  c.a.ProjetPizzeriaApplication - Starting ProjetPizzeriaApplication using Java 23.0.2 with PID 37772 (C:\Users\tatiana.m.tessier\IdeaProjects\Pizzeria2\target\classes started by tatiana.m.tessier in C:\Users\tatiana.m.tessier\IdeaProjects\Pizzeria2)
2025-03-19 16:35:47 [restartedMain] DEBUG c.a.ProjetPizzeriaApplication - Running with Spring Boot v3.4.3, Spring v6.2.3
2025-03-19 16:35:47 [restartedMain] INFO  c.a.ProjetPizzeriaApplication - No active profile set, falling back to 1 default profile: "default"
2025-03-19 16:38:04 [restartedMain] INFO  c.a.ProjetPizzeriaApplication - Starting ProjetPizzeriaApplication using Java 23.0.2 with PID 33744 (C:\Users\tatiana.m.tessier\IdeaProjects\Pizzeria2\target\classes started by tatiana.m.tessier in C:\Users\tatiana.m.tessier\IdeaProjects\Pizzeria2)
2025-03-19 16:38:04 [restartedMain] DEBUG c.a.ProjetPizzeriaApplication - Running with Spring Boot v3.4.3, Spring v6.2.3
2025-03-19 16:38:04 [restartedMain] INFO  c.a.ProjetPizzeriaApplication - No active profile set, falling back to 1 default profile: "default"
2025-03-19 16:38:16 [restartedMain] INFO  c.a.ProjetPizzeriaApplication - Started ProjetPizzeriaApplication in 13.002 seconds (process running for 14.052)
2025-03-19 20:54:56 [restartedMain] INFO  c.a.ProjetPizzeriaApplication - Starting ProjetPizzeriaApplication using Java 23.0.2 with PID 40488 (C:\Users\tatiana.m.tessier\IdeaProjects\Pizzeria2\target\classes started by tatiana.m.tessier in C:\Users\tatiana.m.tessier\IdeaProjects\Pizzeria2)
2025-03-19 20:54:56 [restartedMain] DEBUG c.a.ProjetPizzeriaApplication - Running with Spring Boot v3.4.3, Spring v6.2.3
2025-03-19 20:54:56 [restartedMain] INFO  c.a.ProjetPizzeriaApplication - No active profile set, falling back to 1 default profile: "default"
2025-03-19 20:55:12 [restartedMain] INFO  c.a.ProjetPizzeriaApplication - Started ProjetPizzeriaApplication in 17.742 seconds (process running for 21.884)
2025-03-19 20:55:52 [http-nio-8080-exec-5] INFO  c.a.controller.IngredientController - Ingrédients affichés avec succès
2025-03-19 20:56:09 [http-nio-8080-exec-10] INFO  c.a.controller.IngredientController - Ingrédient ajouté avec succès, ID : 1
2025-03-19 20:56:23 [http-nio-8080-exec-3] INFO  c.a.controller.IngredientController - Ingrédients affichés avec succès
2025-03-19 20:56:36 [http-nio-8080-exec-1] INFO  c.a.controller.IngredientController - Ingrédient ajouté avec succès, ID : 2
2025-03-19 20:57:38 [http-nio-8080-exec-2] ERROR c.a.c.a.ApplicationControllerAdvice - Erreur de validation
2025-03-19 21:06:10 [restartedMain] INFO  c.a.ProjetPizzeriaApplication - Starting ProjetPizzeriaApplication using Java 23.0.2 with PID 20056 (C:\Users\tatiana.m.tessier\IdeaProjects\Pizzeria2\target\classes started by tatiana.m.tessier in C:\Users\tatiana.m.tessier\IdeaProjects\Pizzeria2)
2025-03-19 21:06:10 [restartedMain] DEBUG c.a.ProjetPizzeriaApplication - Running with Spring Boot v3.4.3, Spring v6.2.3
2025-03-19 21:06:10 [restartedMain] INFO  c.a.ProjetPizzeriaApplication - No active profile set, falling back to 1 default profile: "default"
2025-03-19 21:06:19 [restartedMain] INFO  c.a.ProjetPizzeriaApplication - Started ProjetPizzeriaApplication in 10.022 seconds (process running for 12.269)
2025-03-19 21:12:45 [http-nio-8080-exec-7] INFO  c.a.controller.PizzaController - Ajout d'une nouvelle pizza : PizzaRequestDto[nom=Margherita, tarif={PETITE=8.0, MOYENNE=12.0, GRANDE=18.0}, ingrs=[1, 2]]
2025-03-19 21:12:45 [http-nio-8080-exec-7] INFO  c.a.controller.PizzaController - Pizza ajoutée avec succès : PizzaResponseDto[id=1, nom=Margherita, tarif={GRANDE=17.0, MOYENNE=13.0, PETITE=9.0}, ingredients=[tomates, emmental]]
2025-03-19 22:30:18 [restartedMain] INFO  c.a.ProjetPizzeriaApplication - Starting ProjetPizzeriaApplication using Java 23.0.2 with PID 38860 (C:\Users\tatiana.m.tessier\IdeaProjects\Pizzeria2\target\classes started by tatiana.m.tessier in C:\Users\tatiana.m.tessier\IdeaProjects\Pizzeria2)
2025-03-19 22:30:18 [restartedMain] DEBUG c.a.ProjetPizzeriaApplication - Running with Spring Boot v3.4.3, Spring v6.2.3
2025-03-19 22:30:18 [restartedMain] INFO  c.a.ProjetPizzeriaApplication - No active profile set, falling back to 1 default profile: "default"
2025-03-19 22:30:29 [restartedMain] INFO  c.a.ProjetPizzeriaApplication - Started ProjetPizzeriaApplication in 11.555 seconds (process running for 13.958)
2025-03-19 22:33:37 [restartedMain] INFO  c.a.ProjetPizzeriaApplication - Starting ProjetPizzeriaApplication using Java 23.0.2 with PID 44520 (C:\Users\tatiana.m.tessier\IdeaProjects\Pizzeria2\target\classes started by tatiana.m.tessier in C:\Users\tatiana.m.tessier\IdeaProjects\Pizzeria2)
2025-03-19 22:33:37 [restartedMain] DEBUG c.a.ProjetPizzeriaApplication - Running with Spring Boot v3.4.3, Spring v6.2.3
2025-03-19 22:33:37 [restartedMain] INFO  c.a.ProjetPizzeriaApplication - No active profile set, falling back to 1 default profile: "default"
2025-03-19 22:33:47 [restartedMain] INFO  c.a.ProjetPizzeriaApplication - Started ProjetPizzeriaApplication in 10.787 seconds (process running for 12.606)
2025-03-19 22:34:39 [http-nio-8080-exec-1] INFO  c.a.controller.IngredientController - Ingrédient ajouté avec succès, ID : 1
2025-03-19 22:34:47 [http-nio-8080-exec-3] INFO  c.a.controller.IngredientController - Ingrédient ajouté avec succès, ID : 2
